-------------------------------------------------------------------------------
Test set: weka.core.tokenizers.WordTokenizerTest
-------------------------------------------------------------------------------
Tests run: 12, Failures: 1, Errors: 0, Skipped: 0, Time elapsed: 0.036 sec <<< FAILURE!
testRegression(weka.core.tokenizers.WordTokenizerTest)  Time elapsed: 0.008 sec  <<< FAILURE!
junit.framework.AssertionFailedError: Regression test failed. Difference:
+++ Reference: src\test\resources\wekarefs\weka\core\tokenizers\WordTokenizerTest.ref +++
65 tokens
Humpty
Dumpty
was
sitting
with
his
legs
crossed
like
a
Turk
on
the
top
of
a
high
wall
--
such
a
narrow
one
that
Alice
quite
wondered
how
he
could
keep
his
balance
--
and
as
his
eyes
were
steadily
fixed
in
the
opposite
direction
and
he
didn
t
take
the
least
notice
of
her
she
thought
he
must
be
a
stuffed
figure
after
all

41 tokens
The
planet
Mars
I
scarcely
need
remind
the
reader
revolves
about
the
sun
at
a
mean
distance
of
140
000
000
miles
and
the
light
and
heat
it
receives
from
the
sun
is
barely
half
of
that
received
by
this
world

34 tokens
I
ve
studied
now
Philosophy
And
Jurisprudence
Medicine
And
even
alas
Theology
All
through
and
through
with
ardour
keen
Here
now
I
stand
poor
fool
and
see
I
m
just
as
wise
as
formerly

+++ Current +++
65 tokens
Humpty
Dumpty
was
sitting
with
his
legs
crossed
like
a
Turk
on
the
top
of
a
high
wall
--
such
a
narrow
one
that
Alice
quite
wondered
how
he
could
keep
his
balance
--
and
as
his
eyes
were
steadily
fixed
in
the
opposite
direction
and
he
didn
t
take
the
least
notice
of
her
she
thought
he
must
be
a
stuffed
figure
after
all
41 tokens
The
planet
Mars
I
scarcely
need
remind
the
reader
revolves
about
the
sun
at
a
mean
distance
of
140
000
000
miles
and
the
light
and
heat
it
receives
from
the
sun
is
barely
half
of
that
received
by
this
world
34 tokens
I
ve
studied
now
Philosophy
And
Jurisprudence
Medicine
And
even
alas
Theology
All
through
and
through
with
ardour
keen
Here
now
I
stand
poor
fool
and
see
I
m
just
as
wise
as
formerly
+++

	at junit.framework.Assert.fail(Assert.java:47)
	at weka.core.tokenizers.AbstractTokenizerTest.testRegression(AbstractTokenizerTest.java:285)
	at sun.reflect.NativeMethodAccessorImpl.invoke0(Native Method)
	at sun.reflect.NativeMethodAccessorImpl.invoke(NativeMethodAccessorImpl.java:62)
	at sun.reflect.DelegatingMethodAccessorImpl.invoke(DelegatingMethodAccessorImpl.java:43)
	at java.lang.reflect.Method.invoke(Method.java:498)
	at junit.framework.TestCase.runTest(TestCase.java:164)
	at junit.framework.TestCase.runBare(TestCase.java:130)
	at junit.framework.TestResult$1.protect(TestResult.java:106)
	at junit.framework.TestResult.runProtected(TestResult.java:124)
	at junit.framework.TestResult.run(TestResult.java:109)
	at junit.framework.TestCase.run(TestCase.java:120)
	at junit.framework.TestSuite.runTest(TestSuite.java:230)
	at junit.framework.TestSuite.run(TestSuite.java:225)
	at sun.reflect.GeneratedMethodAccessor4.invoke(Unknown Source)
	at sun.reflect.DelegatingMethodAccessorImpl.invoke(DelegatingMethodAccessorImpl.java:43)
	at java.lang.reflect.Method.invoke(Method.java:498)
	at org.apache.maven.surefire.junit.JUnitTestSet.execute(JUnitTestSet.java:98)
	at org.apache.maven.surefire.junit.JUnit3Provider.executeTestSet(JUnit3Provider.java:107)
	at org.apache.maven.surefire.junit.JUnit3Provider.invoke(JUnit3Provider.java:84)
	at sun.reflect.NativeMethodAccessorImpl.invoke0(Native Method)
	at sun.reflect.NativeMethodAccessorImpl.invoke(NativeMethodAccessorImpl.java:62)
	at sun.reflect.DelegatingMethodAccessorImpl.invoke(DelegatingMethodAccessorImpl.java:43)
	at java.lang.reflect.Method.invoke(Method.java:498)
	at org.apache.maven.surefire.booter.ProviderFactory$ClassLoaderProxy.invoke(ProviderFactory.java:103)
	at com.sun.proxy.$Proxy0.invoke(Unknown Source)
	at org.apache.maven.surefire.booter.SurefireStarter.invokeProvider(SurefireStarter.java:150)
	at org.apache.maven.surefire.booter.SurefireStarter.runSuitesInProcess(SurefireStarter.java:91)
	at org.apache.maven.surefire.booter.ForkedBooter.main(ForkedBooter.java:69)

