-------------------------------------------------------------------------------
Test set: weka.filters.unsupervised.attribute.RandomSubsetTest
-------------------------------------------------------------------------------
Tests run: 20, Failures: 1, Errors: 0, Skipped: 0, Time elapsed: 0.087 sec <<< FAILURE!
testRegression(weka.filters.unsupervised.attribute.RandomSubsetTest)  Time elapsed: 0.004 sec  <<< FAILURE!
junit.framework.AssertionFailedError: Regression test failed. Difference:
+++ Reference: src\test\resources\wekarefs\weka\filters\unsupervised\attribute\RandomSubsetTest.ref +++
@relation FilterTest-weka.filters.unsupervised.attribute.RandomSubset-N0.5-S1

@attribute StringAtt1 string
@attribute NominalAtt1 {r,g,b}
@attribute StringAtt2 string
@attribute NominalAtt2 {a,b,c,d}

@data
humpty,g,the,a
dumpty,b,quick,b
sat,r,brown,c
on,r,fox,d
a,b,jumped,a
wall,r,over,b
humpty,r,the,c
dumpty,g,lazy,d
had,b,dog,?
a,r,?,?
great,r,the,a
fall,b,quick,b
all,r,brown,c
the,r,fox,d
kings,g,jumped,?
horses,b,over,b
and,r,the,c
all,r,lazy,d
the,r,?,a
{0 wall,2 the,3 d}
{0 humpty,1 b,2 lazy}
+++ Current +++
@relation FilterTest-weka.filters.unsupervised.attribute.RandomSubset-N0.5-S1
@attribute StringAtt1 string
@attribute NominalAtt1 {r,g,b}
@attribute StringAtt2 string
@attribute NominalAtt2 {a,b,c,d}
@data
humpty,g,the,a
dumpty,b,quick,b
sat,r,brown,c
on,r,fox,d
a,b,jumped,a
wall,r,over,b
humpty,r,the,c
dumpty,g,lazy,d
had,b,dog,?
a,r,?,?
great,r,the,a
fall,b,quick,b
all,r,brown,c
the,r,fox,d
kings,g,jumped,?
horses,b,over,b
and,r,the,c
all,r,lazy,d
the,r,?,a
{0 wall,2 the,3 d}
{0 humpty,1 b,2 lazy}
+++

	at junit.framework.Assert.fail(Assert.java:47)
	at weka.filters.AbstractFilterTest.testRegression(AbstractFilterTest.java:435)
	at sun.reflect.GeneratedMethodAccessor62.invoke(Unknown Source)
	at sun.reflect.DelegatingMethodAccessorImpl.invoke(DelegatingMethodAccessorImpl.java:43)
	at java.lang.reflect.Method.invoke(Method.java:498)
	at junit.framework.TestCase.runTest(TestCase.java:164)
	at junit.framework.TestCase.runBare(TestCase.java:130)
	at junit.framework.TestResult$1.protect(TestResult.java:106)
	at junit.framework.TestResult.runProtected(TestResult.java:124)
	at junit.framework.TestResult.run(TestResult.java:109)
	at junit.framework.TestCase.run(TestCase.java:120)
	at junit.framework.TestSuite.runTest(TestSuite.java:230)
	at junit.framework.TestSuite.run(TestSuite.java:225)
	at sun.reflect.GeneratedMethodAccessor4.invoke(Unknown Source)
	at sun.reflect.DelegatingMethodAccessorImpl.invoke(DelegatingMethodAccessorImpl.java:43)
	at java.lang.reflect.Method.invoke(Method.java:498)
	at org.apache.maven.surefire.junit.JUnitTestSet.execute(JUnitTestSet.java:98)
	at org.apache.maven.surefire.junit.JUnit3Provider.executeTestSet(JUnit3Provider.java:107)
	at org.apache.maven.surefire.junit.JUnit3Provider.invoke(JUnit3Provider.java:84)
	at sun.reflect.NativeMethodAccessorImpl.invoke0(Native Method)
	at sun.reflect.NativeMethodAccessorImpl.invoke(NativeMethodAccessorImpl.java:62)
	at sun.reflect.DelegatingMethodAccessorImpl.invoke(DelegatingMethodAccessorImpl.java:43)
	at java.lang.reflect.Method.invoke(Method.java:498)
	at org.apache.maven.surefire.booter.ProviderFactory$ClassLoaderProxy.invoke(ProviderFactory.java:103)
	at com.sun.proxy.$Proxy0.invoke(Unknown Source)
	at org.apache.maven.surefire.booter.SurefireStarter.invokeProvider(SurefireStarter.java:150)
	at org.apache.maven.surefire.booter.SurefireStarter.runSuitesInProcess(SurefireStarter.java:91)
	at org.apache.maven.surefire.booter.ForkedBooter.main(ForkedBooter.java:69)

