-------------------------------------------------------------------------------
Test set: weka.filters.unsupervised.attribute.AddNoiseTest
-------------------------------------------------------------------------------
Tests run: 20, Failures: 1, Errors: 0, Skipped: 0, Time elapsed: 0.053 sec <<< FAILURE!
testRegression(weka.filters.unsupervised.attribute.AddNoiseTest)  Time elapsed: 0.002 sec  <<< FAILURE!
junit.framework.AssertionFailedError: Regression test failed. Difference:
+++ Reference: src\test\resources\wekarefs\weka\filters\unsupervised\attribute\AddNoiseTest.ref +++
@relation FilterTest-weka.filters.unsupervised.attribute.AddNoise-Clast-P10-S1

@attribute NominalAtt1 {r,g,b}
@attribute NominalAtt2 {a,b,c,d}

@data
g,a
b,b
r,c
r,d
b,c
r,b
r,c
g,d
b,?
r,?
r,a
b,b
r,c
r,d
g,?
b,b
r,c
r,b
r,a
{1 d}
{0 b}
+++ Current +++
@relation FilterTest-weka.filters.unsupervised.attribute.AddNoise-Clast-P10-S1
@attribute NominalAtt1 {r,g,b}
@attribute NominalAtt2 {a,b,c,d}
@data
g,a
b,b
r,c
r,d
b,c
r,b
r,c
g,d
b,?
r,?
r,a
b,b
r,c
r,d
g,?
b,b
r,c
r,b
r,a
{1 d}
{0 b}
+++

	at junit.framework.Assert.fail(Assert.java:47)
	at weka.filters.AbstractFilterTest.testRegression(AbstractFilterTest.java:435)
	at sun.reflect.GeneratedMethodAccessor62.invoke(Unknown Source)
	at sun.reflect.DelegatingMethodAccessorImpl.invoke(DelegatingMethodAccessorImpl.java:43)
	at java.lang.reflect.Method.invoke(Method.java:498)
	at junit.framework.TestCase.runTest(TestCase.java:164)
	at junit.framework.TestCase.runBare(TestCase.java:130)
	at junit.framework.TestResult$1.protect(TestResult.java:106)
	at junit.framework.TestResult.runProtected(TestResult.java:124)
	at junit.framework.TestResult.run(TestResult.java:109)
	at junit.framework.TestCase.run(TestCase.java:120)
	at junit.framework.TestSuite.runTest(TestSuite.java:230)
	at junit.framework.TestSuite.run(TestSuite.java:225)
	at sun.reflect.GeneratedMethodAccessor4.invoke(Unknown Source)
	at sun.reflect.DelegatingMethodAccessorImpl.invoke(DelegatingMethodAccessorImpl.java:43)
	at java.lang.reflect.Method.invoke(Method.java:498)
	at org.apache.maven.surefire.junit.JUnitTestSet.execute(JUnitTestSet.java:98)
	at org.apache.maven.surefire.junit.JUnit3Provider.executeTestSet(JUnit3Provider.java:107)
	at org.apache.maven.surefire.junit.JUnit3Provider.invoke(JUnit3Provider.java:84)
	at sun.reflect.NativeMethodAccessorImpl.invoke0(Native Method)
	at sun.reflect.NativeMethodAccessorImpl.invoke(NativeMethodAccessorImpl.java:62)
	at sun.reflect.DelegatingMethodAccessorImpl.invoke(DelegatingMethodAccessorImpl.java:43)
	at java.lang.reflect.Method.invoke(Method.java:498)
	at org.apache.maven.surefire.booter.ProviderFactory$ClassLoaderProxy.invoke(ProviderFactory.java:103)
	at com.sun.proxy.$Proxy0.invoke(Unknown Source)
	at org.apache.maven.surefire.booter.SurefireStarter.invokeProvider(SurefireStarter.java:150)
	at org.apache.maven.surefire.booter.SurefireStarter.runSuitesInProcess(SurefireStarter.java:91)
	at org.apache.maven.surefire.booter.ForkedBooter.main(ForkedBooter.java:69)

