-------------------------------------------------------------------------------
Test set: weka.classifiers.misc.SerializedClassifierTest
-------------------------------------------------------------------------------
Tests run: 8, Failures: 1, Errors: 0, Skipped: 0, Time elapsed: 0.043 sec <<< FAILURE!
testRegression(weka.classifiers.misc.SerializedClassifierTest)  Time elapsed: 0.021 sec  <<< FAILURE!
junit.framework.AssertionFailedError: Regression test failed. Difference:
+++ Reference: src\test\resources\wekarefs\weka\classifiers\misc\SerializedClassifierTest.ref +++
50 predictions
NOM: 1.0 1.0 1.0 0.07692307692307693 0.9230769230769231
NOM: 1.0 1.0 1.0 0.07692307692307693 0.9230769230769231
NOM: 0.0 0.0 1.0 1.0 0.0
NOM: 1.0 0.0 1.0 0.5 0.5
NOM: 1.0 1.0 1.0 0.07692307692307693 0.9230769230769231
NOM: 1.0 0.0 1.0 0.5 0.5
NOM: 1.0 1.0 1.0 0.07692307692307693 0.9230769230769231
NOM: 0.0 0.0 1.0 1.0 0.0
NOM: 0.0 0.0 1.0 1.0 0.0
NOM: 1.0 0.0 1.0 0.5 0.5
NOM: 1.0 0.0 1.0 1.0 0.0
NOM: 0.0 0.0 1.0 0.5 0.5
NOM: 1.0 1.0 1.0 0.07692307692307693 0.9230769230769231
NOM: 1.0 1.0 1.0 0.07692307692307693 0.9230769230769231
NOM: 0.0 0.0 1.0 1.0 0.0
NOM: 1.0 1.0 1.0 0.07692307692307693 0.9230769230769231
NOM: 1.0 1.0 1.0 0.07692307692307693 0.9230769230769231
NOM: 0.0 0.0 1.0 0.5 0.5
NOM: 1.0 0.0 1.0 1.0 0.0
NOM: 1.0 1.0 1.0 0.07692307692307693 0.9230769230769231
NOM: 1.0 1.0 1.0 0.07692307692307693 0.9230769230769231
NOM: 0.0 0.0 1.0 1.0 0.0
NOM: 1.0 1.0 1.0 0.07692307692307693 0.9230769230769231
NOM: 0.0 0.0 1.0 0.5 0.5
NOM: 0.0 0.0 1.0 1.0 0.0
NOM: 1.0 1.0 1.0 0.07692307692307693 0.9230769230769231
NOM: 1.0 1.0 1.0 0.07692307692307693 0.9230769230769231
NOM: 0.0 0.0 1.0 1.0 0.0
NOM: 1.0 1.0 1.0 0.07692307692307693 0.9230769230769231
NOM: 0.0 0.0 1.0 1.0 0.0
NOM: 0.0 0.0 1.0 1.0 0.0
NOM: 1.0 1.0 1.0 0.07692307692307693 0.9230769230769231
NOM: 1.0 1.0 1.0 0.07692307692307693 0.9230769230769231
NOM: 0.0 0.0 1.0 1.0 0.0
NOM: 1.0 0.0 1.0 0.5 0.5
NOM: 1.0 1.0 1.0 0.07692307692307693 0.9230769230769231
NOM: 1.0 1.0 1.0 0.07692307692307693 0.9230769230769231
NOM: 0.0 0.0 1.0 1.0 0.0
NOM: 0.0 0.0 1.0 1.0 0.0
NOM: 0.0 0.0 1.0 1.0 0.0
NOM: 0.0 0.0 1.0 1.0 0.0
NOM: 1.0 1.0 1.0 0.07692307692307693 0.9230769230769231
NOM: 1.0 1.0 1.0 0.07692307692307693 0.9230769230769231
NOM: 1.0 1.0 1.0 0.07692307692307693 0.9230769230769231
NOM: 1.0 1.0 1.0 0.07692307692307693 0.9230769230769231
NOM: 1.0 1.0 1.0 0.07692307692307693 0.9230769230769231
NOM: 1.0 1.0 1.0 0.07692307692307693 0.9230769230769231
NOM: 1.0 1.0 1.0 0.07692307692307693 0.9230769230769231
NOM: 0.0 0.0 1.0 1.0 0.0
NOM: 0.0 0.0 1.0 1.0 0.0

+++ Current +++
50 predictions
NOM: 1.0 1.0 1.0 0.07692307692307693 0.9230769230769231
NOM: 1.0 1.0 1.0 0.07692307692307693 0.9230769230769231
NOM: 0.0 0.0 1.0 1.0 0.0
NOM: 1.0 0.0 1.0 0.5 0.5
NOM: 1.0 1.0 1.0 0.07692307692307693 0.9230769230769231
NOM: 1.0 0.0 1.0 0.5 0.5
NOM: 1.0 1.0 1.0 0.07692307692307693 0.9230769230769231
NOM: 0.0 0.0 1.0 1.0 0.0
NOM: 0.0 0.0 1.0 1.0 0.0
NOM: 1.0 0.0 1.0 0.5 0.5
NOM: 1.0 0.0 1.0 1.0 0.0
NOM: 0.0 0.0 1.0 0.5 0.5
NOM: 1.0 1.0 1.0 0.07692307692307693 0.9230769230769231
NOM: 1.0 1.0 1.0 0.07692307692307693 0.9230769230769231
NOM: 0.0 0.0 1.0 1.0 0.0
NOM: 1.0 1.0 1.0 0.07692307692307693 0.9230769230769231
NOM: 1.0 1.0 1.0 0.07692307692307693 0.9230769230769231
NOM: 0.0 0.0 1.0 0.5 0.5
NOM: 1.0 0.0 1.0 1.0 0.0
NOM: 1.0 1.0 1.0 0.07692307692307693 0.9230769230769231
NOM: 1.0 1.0 1.0 0.07692307692307693 0.9230769230769231
NOM: 0.0 0.0 1.0 1.0 0.0
NOM: 1.0 1.0 1.0 0.07692307692307693 0.9230769230769231
NOM: 0.0 0.0 1.0 0.5 0.5
NOM: 0.0 0.0 1.0 1.0 0.0
NOM: 1.0 1.0 1.0 0.07692307692307693 0.9230769230769231
NOM: 1.0 1.0 1.0 0.07692307692307693 0.9230769230769231
NOM: 0.0 0.0 1.0 1.0 0.0
NOM: 1.0 1.0 1.0 0.07692307692307693 0.9230769230769231
NOM: 0.0 0.0 1.0 1.0 0.0
NOM: 0.0 0.0 1.0 1.0 0.0
NOM: 1.0 1.0 1.0 0.07692307692307693 0.9230769230769231
NOM: 1.0 1.0 1.0 0.07692307692307693 0.9230769230769231
NOM: 0.0 0.0 1.0 1.0 0.0
NOM: 1.0 0.0 1.0 0.5 0.5
NOM: 1.0 1.0 1.0 0.07692307692307693 0.9230769230769231
NOM: 1.0 1.0 1.0 0.07692307692307693 0.9230769230769231
NOM: 0.0 0.0 1.0 1.0 0.0
NOM: 0.0 0.0 1.0 1.0 0.0
NOM: 0.0 0.0 1.0 1.0 0.0
NOM: 0.0 0.0 1.0 1.0 0.0
NOM: 1.0 1.0 1.0 0.07692307692307693 0.9230769230769231
NOM: 1.0 1.0 1.0 0.07692307692307693 0.9230769230769231
NOM: 1.0 1.0 1.0 0.07692307692307693 0.9230769230769231
NOM: 1.0 1.0 1.0 0.07692307692307693 0.9230769230769231
NOM: 1.0 1.0 1.0 0.07692307692307693 0.9230769230769231
NOM: 1.0 1.0 1.0 0.07692307692307693 0.9230769230769231
NOM: 1.0 1.0 1.0 0.07692307692307693 0.9230769230769231
NOM: 0.0 0.0 1.0 1.0 0.0
NOM: 0.0 0.0 1.0 1.0 0.0
+++

	at junit.framework.Assert.fail(Assert.java:47)
	at weka.classifiers.misc.SerializedClassifierTest.testRegression(SerializedClassifierTest.java:305)

